project=
{'number-of-tests': 281, 'number-of-bugs': 2}
bug=
{'0': {'file-name': 'test_api_search.py', 'method-name': 'test_download_dont_get_all', 'line-number': '290', 'bug-detail': 'AssertionError: TestingError not raised'}, '1': {'file-name': 'test_api_search.py', 'method-name': 'test_download_error_propogation', 'line-number': '303', 'bug-detail': 'AssertionError: BadValueError not raised'}}
